{"total": {"lines":{"total":348,"covered":282,"skipped":0,"pct":81.03},"statements":{"total":354,"covered":287,"skipped":0,"pct":81.07},"functions":{"total":160,"covered":126,"skipped":0,"pct":78.75},"branches":{"total":133,"covered":92,"skipped":0,"pct":69.17},"branchesTrue":{"total":0,"covered":0,"skipped":0,"pct":100}}
,"/Users/tristenbitter/Desktop/CS_329_2025/new_work/jwt-pizza/src/icons.tsx": {"lines":{"total":14,"covered":13,"skipped":0,"pct":92.85},"functions":{"total":12,"covered":11,"skipped":0,"pct":91.66},"statements":{"total":14,"covered":13,"skipped":0,"pct":92.85},"branches":{"total":0,"covered":0,"skipped":0,"pct":100}}
,"/Users/tristenbitter/Desktop/CS_329_2025/new_work/jwt-pizza/src/app/app.tsx": {"lines":{"total":16,"covered":16,"skipped":0,"pct":100},"functions":{"total":9,"covered":9,"skipped":0,"pct":100},"statements":{"total":16,"covered":16,"skipped":0,"pct":100},"branches":{"total":0,"covered":0,"skipped":0,"pct":100}}
,"/Users/tristenbitter/Desktop/CS_329_2025/new_work/jwt-pizza/src/app/footer.tsx": {"lines":{"total":7,"covered":7,"skipped":0,"pct":100},"functions":{"total":5,"covered":5,"skipped":0,"pct":100},"statements":{"total":7,"covered":7,"skipped":0,"pct":100},"branches":{"total":2,"covered":2,"skipped":0,"pct":100}}
,"/Users/tristenbitter/Desktop/CS_329_2025/new_work/jwt-pizza/src/app/header.tsx": {"lines":{"total":5,"covered":5,"skipped":0,"pct":100},"functions":{"total":5,"covered":5,"skipped":0,"pct":100},"statements":{"total":6,"covered":6,"skipped":0,"pct":100},"branches":{"total":10,"covered":10,"skipped":0,"pct":100}}
,"/Users/tristenbitter/Desktop/CS_329_2025/new_work/jwt-pizza/src/components/breadcrumb.tsx": {"lines":{"total":5,"covered":5,"skipped":0,"pct":100},"functions":{"total":2,"covered":2,"skipped":0,"pct":100},"statements":{"total":5,"covered":5,"skipped":0,"pct":100},"branches":{"total":2,"covered":2,"skipped":0,"pct":100}}
,"/Users/tristenbitter/Desktop/CS_329_2025/new_work/jwt-pizza/src/components/button.tsx": {"lines":{"total":2,"covered":2,"skipped":0,"pct":100},"functions":{"total":1,"covered":1,"skipped":0,"pct":100},"statements":{"total":2,"covered":2,"skipped":0,"pct":100},"branches":{"total":2,"covered":2,"skipped":0,"pct":100}}
,"/Users/tristenbitter/Desktop/CS_329_2025/new_work/jwt-pizza/src/components/card.tsx": {"lines":{"total":1,"covered":1,"skipped":0,"pct":100},"functions":{"total":1,"covered":1,"skipped":0,"pct":100},"statements":{"total":1,"covered":1,"skipped":0,"pct":100},"branches":{"total":0,"covered":0,"skipped":0,"pct":100}}
,"/Users/tristenbitter/Desktop/CS_329_2025/new_work/jwt-pizza/src/components/carousel.tsx": {"lines":{"total":3,"covered":3,"skipped":0,"pct":100},"functions":{"total":3,"covered":3,"skipped":0,"pct":100},"statements":{"total":3,"covered":3,"skipped":0,"pct":100},"branches":{"total":0,"covered":0,"skipped":0,"pct":100}}
,"/Users/tristenbitter/Desktop/CS_329_2025/new_work/jwt-pizza/src/components/quote.tsx": {"lines":{"total":1,"covered":1,"skipped":0,"pct":100},"functions":{"total":1,"covered":1,"skipped":0,"pct":100},"statements":{"total":1,"covered":1,"skipped":0,"pct":100},"branches":{"total":0,"covered":0,"skipped":0,"pct":100}}
,"/Users/tristenbitter/Desktop/CS_329_2025/new_work/jwt-pizza/src/hooks/appNavigation.tsx": {"lines":{"total":10,"covered":9,"skipped":0,"pct":90},"functions":{"total":2,"covered":2,"skipped":0,"pct":100},"statements":{"total":10,"covered":9,"skipped":0,"pct":90},"branches":{"total":3,"covered":2,"skipped":0,"pct":66.66}}
,"/Users/tristenbitter/Desktop/CS_329_2025/new_work/jwt-pizza/src/service/httpPizzaService.ts": {"lines":{"total":49,"covered":40,"skipped":0,"pct":81.63},"functions":{"total":17,"covered":12,"skipped":0,"pct":70.58},"statements":{"total":49,"covered":40,"skipped":0,"pct":81.63},"branches":{"total":22,"covered":13,"skipped":0,"pct":59.09}}
,"/Users/tristenbitter/Desktop/CS_329_2025/new_work/jwt-pizza/src/service/pizzaService.ts": {"lines":{"total":7,"covered":7,"skipped":0,"pct":100},"functions":{"total":3,"covered":3,"skipped":0,"pct":100},"statements":{"total":8,"covered":8,"skipped":0,"pct":100},"branches":{"total":5,"covered":5,"skipped":0,"pct":100}}
,"/Users/tristenbitter/Desktop/CS_329_2025/new_work/jwt-pizza/src/service/service.ts": {"lines":{"total":1,"covered":1,"skipped":0,"pct":100},"functions":{"total":0,"covered":0,"skipped":0,"pct":100},"statements":{"total":1,"covered":1,"skipped":0,"pct":100},"branches":{"total":0,"covered":0,"skipped":0,"pct":100}}
,"/Users/tristenbitter/Desktop/CS_329_2025/new_work/jwt-pizza/src/views/about.tsx": {"lines":{"total":1,"covered":1,"skipped":0,"pct":100},"functions":{"total":1,"covered":1,"skipped":0,"pct":100},"statements":{"total":1,"covered":1,"skipped":0,"pct":100},"branches":{"total":0,"covered":0,"skipped":0,"pct":100}}
,"/Users/tristenbitter/Desktop/CS_329_2025/new_work/jwt-pizza/src/views/adminDashboard.tsx": {"lines":{"total":37,"covered":30,"skipped":0,"pct":81.08},"functions":{"total":16,"covered":11,"skipped":0,"pct":68.75},"statements":{"total":38,"covered":31,"skipped":0,"pct":81.57},"branches":{"total":11,"covered":9,"skipped":0,"pct":81.81}}
,"/Users/tristenbitter/Desktop/CS_329_2025/new_work/jwt-pizza/src/views/closeFranchise.tsx": {"lines":{"total":7,"covered":5,"skipped":0,"pct":71.42},"functions":{"total":2,"covered":2,"skipped":0,"pct":100},"statements":{"total":7,"covered":5,"skipped":0,"pct":71.42},"branches":{"total":3,"covered":2,"skipped":0,"pct":66.66}}
,"/Users/tristenbitter/Desktop/CS_329_2025/new_work/jwt-pizza/src/views/closeStore.tsx": {"lines":{"total":7,"covered":5,"skipped":0,"pct":71.42},"functions":{"total":2,"covered":1,"skipped":0,"pct":50},"statements":{"total":7,"covered":5,"skipped":0,"pct":71.42},"branches":{"total":3,"covered":3,"skipped":0,"pct":100}}
,"/Users/tristenbitter/Desktop/CS_329_2025/new_work/jwt-pizza/src/views/createFranchise.tsx": {"lines":{"total":10,"covered":9,"skipped":0,"pct":90},"functions":{"total":5,"covered":5,"skipped":0,"pct":100},"statements":{"total":10,"covered":9,"skipped":0,"pct":90},"branches":{"total":3,"covered":2,"skipped":0,"pct":66.66}}
,"/Users/tristenbitter/Desktop/CS_329_2025/new_work/jwt-pizza/src/views/createStore.tsx": {"lines":{"total":10,"covered":6,"skipped":0,"pct":60},"functions":{"total":4,"covered":2,"skipped":0,"pct":50},"statements":{"total":10,"covered":6,"skipped":0,"pct":60},"branches":{"total":3,"covered":3,"skipped":0,"pct":100}}
,"/Users/tristenbitter/Desktop/CS_329_2025/new_work/jwt-pizza/src/views/delivery.tsx": {"lines":{"total":17,"covered":14,"skipped":0,"pct":82.35},"functions":{"total":4,"covered":3,"skipped":0,"pct":75},"statements":{"total":17,"covered":14,"skipped":0,"pct":82.35},"branches":{"total":18,"covered":9,"skipped":0,"pct":50}}
,"/Users/tristenbitter/Desktop/CS_329_2025/new_work/jwt-pizza/src/views/dinerDashboard.tsx": {"lines":{"total":14,"covered":10,"skipped":0,"pct":71.42},"functions":{"total":7,"covered":5,"skipped":0,"pct":71.42},"statements":{"total":14,"covered":10,"skipped":0,"pct":71.42},"branches":{"total":12,"covered":8,"skipped":0,"pct":66.66}}
,"/Users/tristenbitter/Desktop/CS_329_2025/new_work/jwt-pizza/src/views/docs.tsx": {"lines":{"total":10,"covered":10,"skipped":0,"pct":100},"functions":{"total":5,"covered":5,"skipped":0,"pct":100},"statements":{"total":10,"covered":10,"skipped":0,"pct":100},"branches":{"total":2,"covered":2,"skipped":0,"pct":100}}
,"/Users/tristenbitter/Desktop/CS_329_2025/new_work/jwt-pizza/src/views/franchiseDashboard.tsx": {"lines":{"total":18,"covered":11,"skipped":0,"pct":61.11},"functions":{"total":11,"covered":6,"skipped":0,"pct":54.54},"statements":{"total":19,"covered":11,"skipped":0,"pct":57.89},"branches":{"total":3,"covered":2,"skipped":0,"pct":66.66}}
,"/Users/tristenbitter/Desktop/CS_329_2025/new_work/jwt-pizza/src/views/history.tsx": {"lines":{"total":1,"covered":1,"skipped":0,"pct":100},"functions":{"total":1,"covered":1,"skipped":0,"pct":100},"statements":{"total":1,"covered":1,"skipped":0,"pct":100},"branches":{"total":0,"covered":0,"skipped":0,"pct":100}}
,"/Users/tristenbitter/Desktop/CS_329_2025/new_work/jwt-pizza/src/views/home.tsx": {"lines":{"total":3,"covered":3,"skipped":0,"pct":100},"functions":{"total":2,"covered":2,"skipped":0,"pct":100},"statements":{"total":3,"covered":3,"skipped":0,"pct":100},"branches":{"total":0,"covered":0,"skipped":0,"pct":100}}
,"/Users/tristenbitter/Desktop/CS_329_2025/new_work/jwt-pizza/src/views/login.tsx": {"lines":{"total":17,"covered":15,"skipped":0,"pct":88.23},"functions":{"total":7,"covered":6,"skipped":0,"pct":85.71},"statements":{"total":17,"covered":15,"skipped":0,"pct":88.23},"branches":{"total":0,"covered":0,"skipped":0,"pct":100}}
,"/Users/tristenbitter/Desktop/CS_329_2025/new_work/jwt-pizza/src/views/logout.tsx": {"lines":{"total":6,"covered":6,"skipped":0,"pct":100},"functions":{"total":2,"covered":2,"skipped":0,"pct":100},"statements":{"total":6,"covered":6,"skipped":0,"pct":100},"branches":{"total":0,"covered":0,"skipped":0,"pct":100}}
,"/Users/tristenbitter/Desktop/CS_329_2025/new_work/jwt-pizza/src/views/menu.tsx": {"lines":{"total":27,"covered":20,"skipped":0,"pct":74.07},"functions":{"total":13,"covered":9,"skipped":0,"pct":69.23},"statements":{"total":29,"covered":22,"skipped":0,"pct":75.86},"branches":{"total":11,"covered":7,"skipped":0,"pct":63.63}}
,"/Users/tristenbitter/Desktop/CS_329_2025/new_work/jwt-pizza/src/views/notFound.tsx": {"lines":{"total":1,"covered":1,"skipped":0,"pct":100},"functions":{"total":1,"covered":1,"skipped":0,"pct":100},"statements":{"total":1,"covered":1,"skipped":0,"pct":100},"branches":{"total":0,"covered":0,"skipped":0,"pct":100}}
,"/Users/tristenbitter/Desktop/CS_329_2025/new_work/jwt-pizza/src/views/payment.tsx": {"lines":{"total":21,"covered":12,"skipped":0,"pct":57.14},"functions":{"total":7,"covered":3,"skipped":0,"pct":42.85},"statements":{"total":21,"covered":12,"skipped":0,"pct":57.14},"branches":{"total":18,"covered":9,"skipped":0,"pct":50}}
,"/Users/tristenbitter/Desktop/CS_329_2025/new_work/jwt-pizza/src/views/register.tsx": {"lines":{"total":19,"covered":12,"skipped":0,"pct":63.15},"functions":{"total":8,"covered":5,"skipped":0,"pct":62.5},"statements":{"total":19,"covered":12,"skipped":0,"pct":63.15},"branches":{"total":0,"covered":0,"skipped":0,"pct":100}}
,"/Users/tristenbitter/Desktop/CS_329_2025/new_work/jwt-pizza/src/views/view.tsx": {"lines":{"total":1,"covered":1,"skipped":0,"pct":100},"functions":{"total":1,"covered":1,"skipped":0,"pct":100},"statements":{"total":1,"covered":1,"skipped":0,"pct":100},"branches":{"total":0,"covered":0,"skipped":0,"pct":100}}
}
